<?xml version="1.0" encoding="UTF-8"?>
<!-- Generated by org.testng.reporters.JUnitXMLReporter -->
<testsuite ignored="6" hostname="DESKTOP-JEVDLHC" failures="2" tests="3" name="Test" time="15.986" errors="0" timestamp="2021-06-13T20:55:40 IST">
  <testcase classname="testCases.ReviewPageTest" name="ratingReviewTest" time="9.516"/>
  <testcase classname="testCases.HomePageSearchTest" name="searchTest" time="0.001">
    <failure type="java.lang.NullPointerException" message="Cannot invoke &amp;quot;pageObjects.HomePage.doSearch()&amp;quot; because &amp;quot;this.hp&amp;quot; is null">
      <![CDATA[java.lang.NullPointerException: Cannot invoke "pageObjects.HomePage.doSearch()" because "this.hp" is null
at testCases.HomePageSearchTest.searchTest(HomePageSearchTest.java:26)
at java.base/java.util.ArrayList.forEach(ArrayList.java:1511)
... Removed 27 stack frames]]>
    </failure>
  </testcase> <!-- searchTest -->
  <testcase classname="testCases.SearchResPageTest" name="writereviewClickTest" time="0.002">
    <failure type="java.lang.NullPointerException" message="Cannot invoke &amp;quot;pageObjects.HomePage.doSearch()&amp;quot; because &amp;quot;this.hp&amp;quot; is null">
      <![CDATA[java.lang.NullPointerException: Cannot invoke "pageObjects.HomePage.doSearch()" because "this.hp" is null
at testCases.SearchResPageTest.writereviewClickTest(SearchResPageTest.java:15)
at java.base/java.util.ArrayList.forEach(ArrayList.java:1511)
... Removed 27 stack frames]]>
    </failure>
  </testcase> <!-- writereviewClickTest -->
  <testcase classname="base.BaseTest" name="@BeforeTest setup" time="0.0">
    <ignored/>
  </testcase> <!-- @BeforeTest setup -->
  <testcase classname="base.BaseTest" name="@BeforeTest setup" time="0.0">
    <ignored/>
  </testcase> <!-- @BeforeTest setup -->
  <testcase classname="base.BaseTest" name="@BeforeTest setup" time="0.0">
    <ignored/>
  </testcase> <!-- @BeforeTest setup -->
  <testcase classname="base.BaseTest" name="@AfterTest tearDown" time="0.0">
    <ignored/>
  </testcase> <!-- @AfterTest tearDown -->
  <testcase classname="base.BaseTest" name="@AfterTest tearDown" time="0.0">
    <ignored/>
  </testcase> <!-- @AfterTest tearDown -->
  <testcase classname="base.BaseTest" name="@AfterTest tearDown" time="0.0">
    <ignored/>
  </testcase> <!-- @AfterTest tearDown -->
</testsuite> <!-- Test -->
