<?xml version="1.0" encoding="UTF-8"?>
<testsuite xmlns:xsi="http://www.w3.org/2001/XMLSchema-instance" xsi:noNamespaceSchemaLocation="https://maven.apache.org/surefire/maven-surefire-plugin/xsd/surefire-test-report.xsd" name="TestSuite" time="45.602" tests="3" errors="0" skipped="0" failures="0">
  <properties>
[...]
</properties>
  <testcase name="searchTest" classname="testCases.HomePageSearchTest" time="6.148"/>
  <testcase name="writereviewClickTest" classname="testCases.SearchResPageTest" time="8.237"/>
  <testcase name="ratingReviewTest" classname="testCases.ReviewPageTest" time="8.559"/>
</testsuite>